mode: set
github.com/gookit/color/colorp/colorp.go:11.21,11.46 1 1
github.com/gookit/color/colorp/colorp.go:14.36,14.70 1 1
github.com/gookit/color/colorp/colorp.go:17.22,17.49 1 1
github.com/gookit/color/colorp/colorp.go:20.22,20.48 1 1
github.com/gookit/color/colorp/colorp.go:23.37,23.72 1 1
github.com/gookit/color/colorp/colorp.go:26.23,26.51 1 1
github.com/gookit/color/colorp/colorp.go:29.22,29.48 1 1
github.com/gookit/color/colorp/colorp.go:32.37,32.72 1 1
github.com/gookit/color/colorp/colorp.go:35.23,35.51 1 1
github.com/gookit/color/colorp/colorp.go:38.22,38.48 1 1
github.com/gookit/color/colorp/colorp.go:41.37,41.72 1 1
github.com/gookit/color/colorp/colorp.go:44.23,44.51 1 1
github.com/gookit/color/colorp/colorp.go:47.23,47.50 1 1
github.com/gookit/color/colorp/colorp.go:50.38,50.74 1 1
github.com/gookit/color/colorp/colorp.go:53.24,53.53 1 1
github.com/gookit/color/colorp/colorp.go:56.24,56.52 1 1
github.com/gookit/color/colorp/colorp.go:59.39,59.76 1 1
github.com/gookit/color/colorp/colorp.go:62.25,62.55 1 1
github.com/gookit/color/colorp/colorp.go:65.25,65.54 1 1
github.com/gookit/color/colorp/colorp.go:68.40,68.78 1 1
github.com/gookit/color/colorp/colorp.go:71.26,71.57 1 1
github.com/gookit/color/colorp/colorp.go:78.22,78.48 1 1
github.com/gookit/color/colorp/colorp.go:81.37,81.72 1 1
github.com/gookit/color/colorp/colorp.go:84.23,84.51 1 1
github.com/gookit/color/colorp/colorp.go:87.25,87.54 1 1
github.com/gookit/color/colorp/colorp.go:90.40,90.78 1 1
github.com/gookit/color/colorp/colorp.go:93.26,93.57 1 1
github.com/gookit/color/colorp/colorp.go:96.23,96.50 1 1
github.com/gookit/color/colorp/colorp.go:99.38,99.74 1 1
github.com/gookit/color/colorp/colorp.go:102.24,102.53 1 1
github.com/gookit/color/colorp/colorp.go:105.22,105.48 1 1
github.com/gookit/color/colorp/colorp.go:108.37,108.72 1 1
github.com/gookit/color/colorp/colorp.go:111.23,111.51 1 1
github.com/gookit/color/color.go:77.29,79.2 1 1
github.com/gookit/color/color.go:82.26,84.2 1 1
github.com/gookit/color/color.go:92.29,94.2 1 1
github.com/gookit/color/color.go:97.30,99.2 1 1
github.com/gookit/color/color.go:106.40,110.2 3 1
github.com/gookit/color/color.go:113.27,116.2 2 1
github.com/gookit/color/color.go:119.21,123.2 3 1
github.com/gookit/color/color.go:126.21,126.42 1 1
github.com/gookit/color/color.go:129.29,129.43 1 1
github.com/gookit/color/color.go:132.20,132.42 1 1
github.com/gookit/color/color.go:135.21,139.2 3 1
github.com/gookit/color/color.go:142.72,146.2 3 1
github.com/gookit/color/color.go:149.39,151.2 1 1
github.com/gookit/color/color.go:154.43,157.2 1 1
github.com/gookit/color/color.go:162.25,164.2 1 1
github.com/gookit/color/color.go:167.26,169.2 1 1
github.com/gookit/color/color.go:180.50,182.30 2 1
github.com/gookit/color/color.go:182.30,184.3 1 1
github.com/gookit/color/color.go:186.2,187.20 2 1
github.com/gookit/color/color.go:187.20,189.3 1 1
github.com/gookit/color/color.go:192.2,192.32 1 1
github.com/gookit/color/color.go:192.32,194.3 1 1
github.com/gookit/color/color.go:197.2,197.51 1 1
github.com/gookit/color/color.go:202.56,204.20 2 1
github.com/gookit/color/color.go:204.20,206.3 1 1
github.com/gookit/color/color.go:209.2,209.32 1 1
github.com/gookit/color/color.go:209.32,211.3 1 1
github.com/gookit/color/color.go:213.2,213.47 1 1
github.com/gookit/color/color.go:221.51,222.33 1 1
github.com/gookit/color/color.go:222.33,224.3 1 1
github.com/gookit/color/color.go:227.2,227.32 1 1
github.com/gookit/color/color.go:227.32,229.3 1 1
github.com/gookit/color/color.go:232.2,232.47 1 1
github.com/gookit/color/color.go:240.35,241.40 1 1
github.com/gookit/color/color.go:241.40,243.3 1 1
github.com/gookit/color/color.go:244.2,244.44 1 1
github.com/gookit/color/color_16.go:17.34,18.25 1 1
github.com/gookit/color/color_16.go:18.25,19.21 1 1
github.com/gookit/color/color_16.go:19.21,21.4 1 1
github.com/gookit/color/color_16.go:26.30,28.2 1 1
github.com/gookit/color/color_16.go:31.30,33.2 1 1
github.com/gookit/color/color_16.go:36.31,38.2 1 1
github.com/gookit/color/color_16.go:182.29,182.51 1 1
github.com/gookit/color/color_16.go:189.30,191.8 2 1
github.com/gookit/color/color_16.go:191.8,193.3 1 1
github.com/gookit/color/color_16.go:194.2,194.18 1 1
github.com/gookit/color/color_16.go:198.44,198.88 1 1
github.com/gookit/color/color_16.go:206.40,206.79 1 1
github.com/gookit/color/color_16.go:215.42,215.87 1 1
github.com/gookit/color/color_16.go:218.40,218.79 1 1
github.com/gookit/color/color_16.go:226.59,228.2 1 1
github.com/gookit/color/color_16.go:240.35,242.2 1 1
github.com/gookit/color/color_16.go:249.48,251.2 1 1
github.com/gookit/color/color_16.go:254.34,254.64 1 1
github.com/gookit/color/color_16.go:262.30,264.28 2 1
github.com/gookit/color/color_16.go:264.28,266.3 1 1
github.com/gookit/color/color_16.go:269.2,269.10 1 1
github.com/gookit/color/color_16.go:278.31,280.29 2 1
github.com/gookit/color/color_16.go:280.29,282.3 1 1
github.com/gookit/color/color_16.go:285.2,285.10 1 1
github.com/gookit/color/color_16.go:289.32,291.14 2 1
github.com/gookit/color/color_16.go:291.14,293.3 1 1
github.com/gookit/color/color_16.go:295.2,296.32 2 1
github.com/gookit/color/color_16.go:296.32,299.3 2 1
github.com/gookit/color/color_16.go:299.8,299.42 1 1
github.com/gookit/color/color_16.go:299.42,302.3 2 1
github.com/gookit/color/color_16.go:304.2,304.40 1 1
github.com/gookit/color/color_16.go:304.40,306.3 1 1
github.com/gookit/color/color_16.go:309.2,309.22 1 1
github.com/gookit/color/color_16.go:313.29,316.14 2 1
github.com/gookit/color/color_16.go:316.14,318.3 1 1
github.com/gookit/color/color_16.go:319.2,319.26 1 1
github.com/gookit/color/color_16.go:323.29,326.14 2 1
github.com/gookit/color/color_16.go:326.14,328.3 1 1
github.com/gookit/color/color_16.go:329.2,329.26 1 1
github.com/gookit/color/color_16.go:333.31,335.14 2 1
github.com/gookit/color/color_16.go:335.14,337.3 1 1
github.com/gookit/color/color_16.go:339.2,339.38 1 1
github.com/gookit/color/color_16.go:343.30,345.2 1 1
github.com/gookit/color/color_16.go:348.32,350.2 1 1
github.com/gookit/color/color_16.go:353.28,356.2 2 1
github.com/gookit/color/color_16.go:359.28,362.2 2 1
github.com/gookit/color/color_16.go:365.32,365.60 1 1
github.com/gookit/color/color_16.go:368.31,368.60 1 1
github.com/gookit/color/color_16.go:480.29,481.32 1 1
github.com/gookit/color/color_16.go:481.32,483.3 1 1
github.com/gookit/color/color_16.go:483.8,483.42 1 1
github.com/gookit/color/color_16.go:483.42,485.3 1 1
github.com/gookit/color/color_16.go:486.2,486.12 1 1
github.com/gookit/color/color_16.go:490.29,491.32 1 1
github.com/gookit/color/color_16.go:491.32,493.3 1 1
github.com/gookit/color/color_16.go:493.8,493.41 1 1
github.com/gookit/color/color_16.go:493.41,495.3 1 1
github.com/gookit/color/color_16.go:496.2,496.12 1 1
github.com/gookit/color/color_16.go:500.39,500.63 1 1
github.com/gookit/color/color_256.go:68.45,70.2 1 1
github.com/gookit/color/color_256.go:73.45,77.30 2 1
github.com/gookit/color/color_256.go:77.30,79.3 1 1
github.com/gookit/color/color_256.go:81.2,81.11 1 1
github.com/gookit/color/color_256.go:85.31,87.2 1 1
github.com/gookit/color/color_256.go:90.33,92.2 1 1
github.com/gookit/color/color_256.go:95.35,97.2 1 1
github.com/gookit/color/color_256.go:100.51,102.2 1 1
github.com/gookit/color/color_256.go:105.37,107.2 1 1
github.com/gookit/color/color_256.go:110.43,112.2 1 1
github.com/gookit/color/color_256.go:115.59,117.2 1 1
github.com/gookit/color/color_256.go:120.31,122.2 1 1
github.com/gookit/color/color_256.go:125.33,127.2 1 1
github.com/gookit/color/color_256.go:130.34,132.2 1 1
github.com/gookit/color/color_256.go:135.39,137.2 1 1
github.com/gookit/color/color_256.go:140.33,142.2 1 1
github.com/gookit/color/color_256.go:145.33,147.2 1 1
github.com/gookit/color/color_256.go:150.37,152.2 1 1
github.com/gookit/color/color_256.go:155.35,156.18 1 1
github.com/gookit/color/color_256.go:156.18,158.3 1 1
github.com/gookit/color/color_256.go:160.2,160.18 1 1
github.com/gookit/color/color_256.go:160.18,162.3 1 1
github.com/gookit/color/color_256.go:163.2,163.11 1 1
github.com/gookit/color/color_256.go:167.31,167.54 1 1
github.com/gookit/color/color_256.go:170.35,173.2 2 1
github.com/gookit/color/color_256.go:176.31,176.54 1 1
github.com/gookit/color/color_256.go:179.35,182.2 2 1
github.com/gookit/color/color_256.go:185.34,185.53 1 1
github.com/gookit/color/color_256.go:212.39,215.12 3 1
github.com/gookit/color/color_256.go:215.12,218.13 2 1
github.com/gookit/color/color_256.go:218.13,220.4 1 1
github.com/gookit/color/color_256.go:223.2,223.10 1 1
github.com/gookit/color/color_256.go:227.69,232.2 4 1
github.com/gookit/color/color_256.go:235.49,238.2 2 1
github.com/gookit/color/color_256.go:241.49,244.2 2 1
github.com/gookit/color/color_256.go:247.49,250.2 2 1
github.com/gookit/color/color_256.go:253.53,256.2 2 1
github.com/gookit/color/color_256.go:259.36,261.2 1 1
github.com/gookit/color/color_256.go:264.52,266.2 1 1
github.com/gookit/color/color_256.go:269.38,271.2 1 1
github.com/gookit/color/color_256.go:274.44,276.2 1 1
github.com/gookit/color/color_256.go:279.60,281.2 1 1
github.com/gookit/color/color_256.go:284.34,286.2 1 1
github.com/gookit/color/color_256.go:289.36,291.17 2 1
github.com/gookit/color/color_256.go:291.17,293.3 1 1
github.com/gookit/color/color_256.go:295.2,295.17 1 1
github.com/gookit/color/color_256.go:295.17,297.3 1 1
github.com/gookit/color/color_256.go:299.2,299.22 1 1
github.com/gookit/color/color_256.go:299.22,301.3 1 1
github.com/gookit/color/color_256.go:302.2,302.30 1 1
github.com/gookit/color/color_rgb.go:70.48,72.30 2 1
github.com/gookit/color/color_rgb.go:72.30,74.3 1 1
github.com/gookit/color/color_rgb.go:76.2,76.12 1 1
github.com/gookit/color/color_rgb.go:80.48,80.80 1 1
github.com/gookit/color/color_rgb.go:83.50,83.82 1 1
github.com/gookit/color/color_rgb.go:86.53,88.2 1 1
github.com/gookit/color/color_rgb.go:91.52,93.2 1 1
github.com/gookit/color/color_rgb.go:104.45,105.40 1 1
github.com/gookit/color/color_rgb.go:105.40,107.3 1 1
github.com/gookit/color/color_rgb.go:110.2,110.22 1 1
github.com/gookit/color/color_rgb.go:114.45,114.73 1 1
github.com/gookit/color/color_rgb.go:117.52,117.80 1 1
github.com/gookit/color/color_rgb.go:121.50,124.2 2 1
github.com/gookit/color/color_rgb.go:127.50,127.82 1 1
github.com/gookit/color/color_rgb.go:131.49,134.2 2 1
github.com/gookit/color/color_rgb.go:137.49,137.84 1 1
github.com/gookit/color/color_rgb.go:140.55,142.2 1 1
github.com/gookit/color/color_rgb.go:154.55,156.40 1 1
github.com/gookit/color/color_rgb.go:156.40,158.3 1 1
github.com/gookit/color/color_rgb.go:161.2,162.18 2 1
github.com/gookit/color/color_rgb.go:162.18,164.3 1 1
github.com/gookit/color/color_rgb.go:166.2,167.25 2 1
github.com/gookit/color/color_rgb.go:167.25,169.38 2 1
github.com/gookit/color/color_rgb.go:169.38,171.4 1 1
github.com/gookit/color/color_rgb.go:173.3,173.20 1 1
github.com/gookit/color/color_rgb.go:176.2,176.42 1 1
github.com/gookit/color/color_rgb.go:180.31,182.2 1 1
github.com/gookit/color/color_rgb.go:185.33,187.2 1 1
github.com/gookit/color/color_rgb.go:190.35,192.2 1 1
github.com/gookit/color/color_rgb.go:195.51,197.2 1 1
github.com/gookit/color/color_rgb.go:200.37,202.2 1 1
github.com/gookit/color/color_rgb.go:205.43,207.2 1 1
github.com/gookit/color/color_rgb.go:210.59,212.2 1 1
github.com/gookit/color/color_rgb.go:215.34,217.2 1 1
github.com/gookit/color/color_rgb.go:220.33,222.2 1 1
github.com/gookit/color/color_rgb.go:225.32,227.2 1 1
github.com/gookit/color/color_rgb.go:230.38,232.2 1 1
github.com/gookit/color/color_rgb.go:235.37,237.2 1 1
github.com/gookit/color/color_rgb.go:240.35,241.18 1 1
github.com/gookit/color/color_rgb.go:241.18,243.3 1 1
github.com/gookit/color/color_rgb.go:245.2,245.18 1 1
github.com/gookit/color/color_rgb.go:245.18,247.3 1 1
github.com/gookit/color/color_rgb.go:250.2,250.11 1 1
github.com/gookit/color/color_rgb.go:254.35,257.2 2 1
github.com/gookit/color/color_rgb.go:260.35,263.2 2 1
github.com/gookit/color/color_rgb.go:266.34,268.2 1 1
github.com/gookit/color/color_rgb.go:276.35,278.2 1 1
github.com/gookit/color/color_rgb.go:281.33,284.2 1 1
github.com/gookit/color/color_rgb.go:287.33,287.53 1 1
github.com/gookit/color/color_rgb.go:290.31,290.51 1 1
github.com/gookit/color/color_rgb.go:313.57,315.17 2 1
github.com/gookit/color/color_rgb.go:315.17,317.3 1 1
github.com/gookit/color/color_rgb.go:319.2,319.20 1 1
github.com/gookit/color/color_rgb.go:328.50,330.17 2 1
github.com/gookit/color/color_rgb.go:330.17,332.3 1 1
github.com/gookit/color/color_rgb.go:334.2,334.17 1 1
github.com/gookit/color/color_rgb.go:334.17,336.3 1 1
github.com/gookit/color/color_rgb.go:337.2,337.10 1 1
github.com/gookit/color/color_rgb.go:346.60,348.17 2 1
github.com/gookit/color/color_rgb.go:348.17,350.3 1 1
github.com/gookit/color/color_rgb.go:352.2,352.35 1 1
github.com/gookit/color/color_rgb.go:356.66,358.2 1 1
github.com/gookit/color/color_rgb.go:361.49,365.2 3 1
github.com/gookit/color/color_rgb.go:368.49,372.2 3 1
github.com/gookit/color/color_rgb.go:375.49,378.2 2 1
github.com/gookit/color/color_rgb.go:381.53,384.2 2 1
github.com/gookit/color/color_rgb.go:387.36,389.2 1 1
github.com/gookit/color/color_rgb.go:392.52,394.2 1 1
github.com/gookit/color/color_rgb.go:397.38,399.2 1 1
github.com/gookit/color/color_rgb.go:402.44,404.2 1 1
github.com/gookit/color/color_rgb.go:407.60,409.2 1 1
github.com/gookit/color/color_rgb.go:412.34,414.2 1 1
github.com/gookit/color/color_rgb.go:417.38,419.2 1 1
github.com/gookit/color/color_rgb.go:422.36,425.18 2 1
github.com/gookit/color/color_rgb.go:425.18,427.3 1 1
github.com/gookit/color/color_rgb.go:429.2,429.18 1 1
github.com/gookit/color/color_rgb.go:429.18,431.3 1 1
github.com/gookit/color/color_rgb.go:433.2,433.22 1 1
github.com/gookit/color/color_rgb.go:433.22,435.3 1 1
github.com/gookit/color/color_rgb.go:437.2,437.30 1 1
github.com/gookit/color/color_rgb.go:441.35,443.2 1 1
github.com/gookit/color/color_tag.go:305.32,307.2 1 1
github.com/gookit/color/color_tag.go:315.52,317.16 1 1
github.com/gookit/color/color_tag.go:317.16,319.3 1 1
github.com/gookit/color/color_tag.go:322.2,322.32 1 1
github.com/gookit/color/color_tag.go:322.32,324.3 1 1
github.com/gookit/color/color_tag.go:325.2,325.22 1 1
github.com/gookit/color/color_tag.go:339.47,341.35 1 1
github.com/gookit/color/color_tag.go:341.35,343.3 1 1
github.com/gookit/color/color_tag.go:346.2,349.31 2 1
github.com/gookit/color/color_tag.go:349.31,353.38 2 1
github.com/gookit/color/color_tag.go:353.38,354.45 1 1
github.com/gookit/color/color_tag.go:354.45,356.5 1 1
github.com/gookit/color/color_tag.go:356.10,356.47 1 1
github.com/gookit/color/color_tag.go:356.47,360.5 3 1
github.com/gookit/color/color_tag.go:361.4,361.12 1 1
github.com/gookit/color/color_tag.go:366.3,366.52 1 1
github.com/gookit/color/color_tag.go:366.52,368.4 1 1
github.com/gookit/color/color_tag.go:371.2,371.12 1 1
github.com/gookit/color/color_tag.go:374.72,375.96 1 1
github.com/gookit/color/color_tag.go:375.96,376.111 1 1
github.com/gookit/color/color_tag.go:376.111,381.4 4 1
github.com/gookit/color/color_tag.go:384.2,384.24 1 1
github.com/gookit/color/color_tag.go:388.36,390.2 1 1
github.com/gookit/color/color_tag.go:421.51,422.38 1 1
github.com/gookit/color/color_tag.go:422.38,424.3 1 1
github.com/gookit/color/color_tag.go:426.2,427.20 2 1
github.com/gookit/color/color_tag.go:427.20,429.3 1 1
github.com/gookit/color/color_tag.go:431.2,434.31 3 1
github.com/gookit/color/color_tag.go:434.31,436.14 2 1
github.com/gookit/color/color_tag.go:437.13,438.36 1 1
github.com/gookit/color/color_tag.go:438.36,440.5 1 1
github.com/gookit/color/color_tag.go:440.10,440.62 1 1
github.com/gookit/color/color_tag.go:440.62,442.5 1 1
github.com/gookit/color/color_tag.go:443.13,444.36 1 1
github.com/gookit/color/color_tag.go:444.36,446.5 1 1
github.com/gookit/color/color_tag.go:446.10,446.61 1 1
github.com/gookit/color/color_tag.go:446.61,448.5 1 1
github.com/gookit/color/color_tag.go:449.13,450.34 1 1
github.com/gookit/color/color_tag.go:450.34,452.26 2 1
github.com/gookit/color/color_tag.go:452.26,453.37 1 1
github.com/gookit/color/color_tag.go:453.37,455.7 1 1
github.com/gookit/color/color_tag.go:457.10,457.44 1 1
github.com/gookit/color/color_tag.go:457.44,459.5 1 1
github.com/gookit/color/color_tag.go:463.2,463.33 1 1
github.com/gookit/color/color_tag.go:466.59,467.49 1 1
github.com/gookit/color/color_tag.go:467.49,469.3 1 1
github.com/gookit/color/color_tag.go:469.8,469.43 1 1
github.com/gookit/color/color_tag.go:469.43,471.11 2 1
github.com/gookit/color/color_tag.go:471.11,473.4 1 1
github.com/gookit/color/color_tag.go:473.9,475.4 1 1
github.com/gookit/color/color_tag.go:476.8,476.54 1 1
github.com/gookit/color/color_tag.go:476.54,477.11 1 1
github.com/gookit/color/color_tag.go:477.11,479.4 1 1
github.com/gookit/color/color_tag.go:479.9,481.4 1 1
github.com/gookit/color/color_tag.go:483.2,483.8 1 1
github.com/gookit/color/color_tag.go:487.32,488.33 1 1
github.com/gookit/color/color_tag.go:488.33,490.3 1 1
github.com/gookit/color/color_tag.go:491.2,491.43 1 1
github.com/gookit/color/color_tag.go:499.37,499.63 1 1
github.com/gookit/color/color_tag.go:502.44,504.2 1 1
github.com/gookit/color/color_tag.go:507.43,508.26 1 1
github.com/gookit/color/color_tag.go:508.26,510.3 1 1
github.com/gookit/color/color_tag.go:511.2,511.41 1 1
github.com/gookit/color/color_tag.go:515.39,517.2 1 1
github.com/gookit/color/color_tag.go:520.37,523.2 2 1
github.com/gookit/color/color_tag.go:536.31,540.43 3 1
github.com/gookit/color/color_tag.go:540.43,542.3 1 1
github.com/gookit/color/color_tag.go:542.8,544.3 1 1
github.com/gookit/color/color_tag.go:548.47,552.43 3 1
github.com/gookit/color/color_tag.go:552.43,554.3 1 1
github.com/gookit/color/color_tag.go:554.8,556.3 1 1
github.com/gookit/color/color_tag.go:560.33,562.43 2 1
github.com/gookit/color/color_tag.go:562.43,564.3 1 1
github.com/gookit/color/color_tag.go:564.8,566.3 1 1
github.com/gookit/color/color_tag.go:570.39,572.2 1 1
github.com/gookit/color/color_tag.go:575.55,580.2 3 1
github.com/gookit/color/convert.go:382.42,385.33 2 1
github.com/gookit/color/convert.go:385.33,387.3 1 1
github.com/gookit/color/convert.go:388.2,388.12 1 1
github.com/gookit/color/convert.go:391.41,394.39 2 1
github.com/gookit/color/convert.go:394.39,396.3 1 1
github.com/gookit/color/convert.go:397.2,397.16 1 1
github.com/gookit/color/convert.go:401.39,403.2 1 1
github.com/gookit/color/convert.go:406.42,407.22 1 1
github.com/gookit/color/convert.go:407.22,409.3 1 1
github.com/gookit/color/convert.go:411.2,412.31 2 1
github.com/gookit/color/convert.go:412.31,414.3 1 1
github.com/gookit/color/convert.go:416.2,416.33 1 1
github.com/gookit/color/convert.go:424.32,424.56 1 1
github.com/gookit/color/convert.go:427.33,427.57 1 1
github.com/gookit/color/convert.go:437.39,439.15 2 1
github.com/gookit/color/convert.go:439.15,441.3 1 1
github.com/gookit/color/convert.go:444.2,444.19 1 1
github.com/gookit/color/convert.go:444.19,446.3 1 1
github.com/gookit/color/convert.go:448.2,449.18 2 1
github.com/gookit/color/convert.go:450.9,451.71 1 1
github.com/gookit/color/convert.go:452.9,453.38 1 1
github.com/gookit/color/convert.go:457.2,457.19 1 1
github.com/gookit/color/convert.go:457.19,459.3 1 1
github.com/gookit/color/convert.go:462.2,462.59 1 1
github.com/gookit/color/convert.go:462.59,469.3 5 1
github.com/gookit/color/convert.go:470.2,470.8 1 1
github.com/gookit/color/convert.go:474.32,474.56 1 1
github.com/gookit/color/convert.go:481.33,484.24 2 1
github.com/gookit/color/convert.go:484.24,486.3 1 1
github.com/gookit/color/convert.go:487.2,487.35 1 1
github.com/gookit/color/convert.go:495.35,498.2 2 1
github.com/gookit/color/convert.go:501.34,503.2 1 1
github.com/gookit/color/convert.go:506.48,509.30 2 1
github.com/gookit/color/convert.go:509.30,511.3 1 1
github.com/gookit/color/convert.go:512.2,512.12 1 1
github.com/gookit/color/convert.go:516.48,519.38 2 1
github.com/gookit/color/convert.go:519.38,520.11 1 1
github.com/gookit/color/convert.go:520.11,522.4 1 0
github.com/gookit/color/convert.go:523.3,523.13 1 1
github.com/gookit/color/convert.go:526.2,526.33 1 1
github.com/gookit/color/convert.go:530.47,532.2 1 1
github.com/gookit/color/convert.go:536.48,541.41 3 1
github.com/gookit/color/convert.go:541.41,543.3 1 1
github.com/gookit/color/convert.go:543.8,543.48 1 1
github.com/gookit/color/convert.go:543.48,545.3 1 1
github.com/gookit/color/convert.go:547.2,547.22 1 1
github.com/gookit/color/convert.go:547.22,553.3 3 1
github.com/gookit/color/convert.go:553.8,560.3 4 1
github.com/gookit/color/convert.go:563.2,565.11 2 1
github.com/gookit/color/convert.go:565.11,567.3 1 1
github.com/gookit/color/convert.go:567.8,569.3 1 1
github.com/gookit/color/convert.go:570.2,570.26 1 1
github.com/gookit/color/convert.go:578.37,580.2 1 1
github.com/gookit/color/convert.go:583.36,585.45 2 1
github.com/gookit/color/convert.go:585.45,587.23 2 1
github.com/gookit/color/convert.go:587.23,589.30 2 1
github.com/gookit/color/convert.go:589.30,593.16 4 1
github.com/gookit/color/convert.go:593.16,595.6 1 1
github.com/gookit/color/convert.go:595.11,597.6 1 1
github.com/gookit/color/convert.go:598.5,599.10 2 1
github.com/gookit/color/convert.go:601.4,601.7 1 1
github.com/gookit/color/convert.go:604.2,606.14 3 1
github.com/gookit/color/convert.go:610.41,620.2 3 1
github.com/gookit/color/convert.go:624.43,626.13 2 1
github.com/gookit/color/convert.go:626.13,631.3 3 1
github.com/gookit/color/convert.go:631.8,631.21 1 1
github.com/gookit/color/convert.go:631.21,636.3 3 1
github.com/gookit/color/convert.go:636.8,636.22 1 1
github.com/gookit/color/convert.go:636.22,640.3 3 1
github.com/gookit/color/convert.go:640.8,644.3 2 1
github.com/gookit/color/convert.go:646.2,646.25 1 1
github.com/gookit/color/convert.go:679.45,681.2 1 1
github.com/gookit/color/convert.go:691.46,694.12 2 1
github.com/gookit/color/convert.go:694.12,696.3 1 1
github.com/gookit/color/convert.go:696.8,697.47 1 1
github.com/gookit/color/convert.go:697.47,698.15 1 1
github.com/gookit/color/convert.go:698.15,700.5 1 1
github.com/gookit/color/convert.go:701.4,701.15 1 1
github.com/gookit/color/convert.go:701.15,703.5 1 0
github.com/gookit/color/convert.go:705.4,705.19 1 1
github.com/gookit/color/convert.go:705.19,707.5 1 1
github.com/gookit/color/convert.go:709.4,709.19 1 1
github.com/gookit/color/convert.go:709.19,711.5 1 1
github.com/gookit/color/convert.go:713.4,713.19 1 1
github.com/gookit/color/convert.go:713.19,715.5 1 0
github.com/gookit/color/convert.go:716.4,716.12 1 1
github.com/gookit/color/convert.go:720.3,721.14 2 1
github.com/gookit/color/convert.go:721.14,723.4 1 1
github.com/gookit/color/convert.go:723.9,725.4 1 1
github.com/gookit/color/convert.go:727.3,731.31 4 1
github.com/gookit/color/convert.go:735.2,739.3 1 1
github.com/gookit/color/convert.go:745.39,749.2 2 1
github.com/gookit/color/convert.go:757.40,772.16 8 1
github.com/gookit/color/convert.go:772.16,774.3 1 1
github.com/gookit/color/convert.go:774.8,779.14 3 1
github.com/gookit/color/convert.go:780.11,783.35 2 0
github.com/gookit/color/convert.go:784.11,785.21 1 0
github.com/gookit/color/convert.go:786.11,787.21 1 0
github.com/gookit/color/convert.go:790.3,790.9 1 1
github.com/gookit/color/convert.go:793.2,793.27 1 1
github.com/gookit/color/convert.go:811.42,814.2 1 0
github.com/gookit/color/detect_env.go:34.31,37.2 2 1
github.com/gookit/color/detect_env.go:42.57,48.52 1 1
github.com/gookit/color/detect_env.go:48.52,50.18 1 1
github.com/gookit/color/detect_env.go:50.18,53.4 2 0
github.com/gookit/color/detect_env.go:56.2,60.25 3 1
github.com/gookit/color/detect_env.go:60.25,66.34 2 1
github.com/gookit/color/detect_env.go:66.34,69.4 2 1
github.com/gookit/color/detect_env.go:73.2,77.38 3 1
github.com/gookit/color/detect_env.go:77.38,81.3 2 1
github.com/gookit/color/detect_env.go:82.2,82.8 1 1
github.com/gookit/color/detect_env.go:90.64,93.9 2 1
github.com/gookit/color/detect_env.go:94.88,95.26 1 1
github.com/gookit/color/detect_env.go:95.26,97.4 1 1
github.com/gookit/color/detect_env.go:98.3,98.37 1 1
github.com/gookit/color/detect_env.go:99.43,100.34 1 1
github.com/gookit/color/detect_env.go:101.36,102.37 1 1
github.com/gookit/color/detect_env.go:103.53,104.26 1 1
github.com/gookit/color/detect_env.go:104.26,106.4 1 1
github.com/gookit/color/detect_env.go:107.3,107.37 1 1
github.com/gookit/color/detect_env.go:108.31,109.26 1 1
github.com/gookit/color/detect_env.go:109.26,111.4 1 1
github.com/gookit/color/detect_env.go:114.3,115.16 2 1
github.com/gookit/color/detect_env.go:115.16,117.18 2 1
github.com/gookit/color/detect_env.go:117.18,121.5 2 1
github.com/gookit/color/detect_env.go:122.4,122.14 1 1
github.com/gookit/color/detect_env.go:122.14,124.5 1 1
github.com/gookit/color/detect_env.go:126.3,126.37 1 1
github.com/gookit/color/detect_env.go:130.2,130.29 1 1
github.com/gookit/color/detect_env.go:130.29,133.17 3 1
github.com/gookit/color/detect_env.go:133.17,136.4 2 1
github.com/gookit/color/detect_env.go:138.3,140.10 3 1
github.com/gookit/color/detect_env.go:141.23,142.34 1 1
github.com/gookit/color/detect_env.go:143.23,144.38 1 1
github.com/gookit/color/detect_env.go:146.3,146.34 1 0
github.com/gookit/color/detect_env.go:150.2,150.32 1 1
github.com/gookit/color/detect_env.go:158.23,159.18 1 1
github.com/gookit/color/detect_env.go:159.18,173.17 4 1
github.com/gookit/color/detect_env.go:173.17,175.35 2 1
github.com/gookit/color/detect_env.go:175.35,177.5 1 0
github.com/gookit/color/detect_env.go:179.4,180.53 2 1
github.com/gookit/color/detect_env.go:183.2,183.14 1 1
github.com/gookit/color/detect_env.go:224.23,226.2 1 1
github.com/gookit/color/detect_env.go:229.34,231.9 2 1
github.com/gookit/color/detect_env.go:231.9,233.3 1 1
github.com/gookit/color/detect_env.go:235.2,238.103 2 1
github.com/gookit/color/detect_env.go:242.20,245.2 1 1
github.com/gookit/color/detect_env.go:252.28,254.2 1 1
github.com/gookit/color/detect_env.go:261.30,264.2 2 1
github.com/gookit/color/detect_env.go:271.31,274.2 2 1
github.com/gookit/color/detect_env.go:281.31,283.2 1 1
github.com/gookit/color/detect_env.go:294.32,297.2 2 1
github.com/gookit/color/detect_nonwin.go:17.59,18.19 1 1
github.com/gookit/color/detect_nonwin.go:18.19,20.3 1 1
github.com/gookit/color/detect_nonwin.go:22.2,26.25 2 1
github.com/gookit/color/detect_nonwin.go:26.25,28.3 1 1
github.com/gookit/color/detect_nonwin.go:30.2,30.43 1 1
github.com/gookit/color/detect_nonwin.go:30.43,32.3 1 1
github.com/gookit/color/detect_nonwin.go:34.2,34.40 1 1
github.com/gookit/color/detect_nonwin.go:34.40,37.3 1 1
github.com/gookit/color/detect_nonwin.go:40.2,40.40 1 1
github.com/gookit/color/detect_nonwin.go:48.34,50.2 1 1
github.com/gookit/color/printer.go:33.44,35.2 1 1
github.com/gookit/color/printer.go:38.35,41.2 1 1
github.com/gookit/color/printer.go:44.43,46.2 1 1
github.com/gookit/color/printer.go:49.59,51.2 1 1
github.com/gookit/color/printer.go:54.35,56.2 1 1
github.com/gookit/color/printer.go:59.51,61.2 1 1
github.com/gookit/color/printer.go:64.37,66.2 1 1
github.com/gookit/color/printer.go:69.34,71.2 1 1
github.com/gookit/color/printer.go:81.41,83.2 1 1
github.com/gookit/color/printer.go:86.57,88.2 1 1
github.com/gookit/color/printer.go:91.43,93.2 1 1
github.com/gookit/color/printer.go:96.59,98.2 1 0
github.com/gookit/color/printer.go:101.45,103.2 1 0
github.com/gookit/color/printer.go:106.56,108.2 1 1
github.com/gookit/color/printer.go:111.42,113.2 1 1
github.com/gookit/color/printer.go:116.56,118.2 1 1
github.com/gookit/color/printer.go:121.42,123.2 1 1
github.com/gookit/color/printer.go:126.57,128.2 1 1
github.com/gookit/color/printer.go:131.43,133.2 1 1
github.com/gookit/color/quickstart.go:8.21,8.40 1 1
github.com/gookit/color/quickstart.go:11.36,11.64 1 1
github.com/gookit/color/quickstart.go:14.22,14.43 1 1
github.com/gookit/color/quickstart.go:17.22,17.42 1 1
github.com/gookit/color/quickstart.go:20.37,20.66 1 1
github.com/gookit/color/quickstart.go:23.23,23.45 1 1
github.com/gookit/color/quickstart.go:26.22,26.42 1 1
github.com/gookit/color/quickstart.go:29.37,29.66 1 1
github.com/gookit/color/quickstart.go:32.23,32.45 1 1
github.com/gookit/color/quickstart.go:35.22,35.42 1 1
github.com/gookit/color/quickstart.go:38.37,38.66 1 1
github.com/gookit/color/quickstart.go:41.23,41.45 1 1
github.com/gookit/color/quickstart.go:44.23,44.44 1 1
github.com/gookit/color/quickstart.go:47.38,47.68 1 1
github.com/gookit/color/quickstart.go:50.24,50.47 1 1
github.com/gookit/color/quickstart.go:53.24,53.46 1 1
github.com/gookit/color/quickstart.go:56.39,56.70 1 1
github.com/gookit/color/quickstart.go:59.25,59.49 1 1
github.com/gookit/color/quickstart.go:62.25,62.48 1 1
github.com/gookit/color/quickstart.go:65.40,65.72 1 1
github.com/gookit/color/quickstart.go:68.26,68.51 1 1
github.com/gookit/color/quickstart.go:75.22,75.42 1 1
github.com/gookit/color/quickstart.go:78.37,78.66 1 1
github.com/gookit/color/quickstart.go:81.23,81.45 1 1
github.com/gookit/color/quickstart.go:84.25,84.48 1 1
github.com/gookit/color/quickstart.go:87.40,87.72 1 1
github.com/gookit/color/quickstart.go:90.26,90.51 1 1
github.com/gookit/color/quickstart.go:93.23,93.44 1 1
github.com/gookit/color/quickstart.go:96.38,96.68 1 1
github.com/gookit/color/quickstart.go:99.24,99.47 1 1
github.com/gookit/color/quickstart.go:102.22,102.42 1 1
github.com/gookit/color/quickstart.go:105.37,105.66 1 1
github.com/gookit/color/quickstart.go:108.23,108.45 1 1
github.com/gookit/color/style.go:26.33,28.2 1 1
github.com/gookit/color/style.go:31.34,33.2 1 1
github.com/gookit/color/style.go:36.34,38.2 1 1
github.com/gookit/color/style.go:46.40,48.2 1 1
github.com/gookit/color/style.go:57.42,59.2 1 1
github.com/gookit/color/style.go:62.40,64.2 1 1
github.com/gookit/color/style.go:67.56,69.2 1 1
github.com/gookit/color/style.go:72.32,74.2 1 1
github.com/gookit/color/style.go:77.48,79.2 1 1
github.com/gookit/color/style.go:82.34,84.2 1 1
github.com/gookit/color/style.go:87.30,89.2 1 1
github.com/gookit/color/style.go:92.32,94.2 1 1
github.com/gookit/color/style.go:97.31,99.2 1 1
github.com/gookit/color/style.go:114.48,116.2 1 1
github.com/gookit/color/style.go:119.24,121.2 1 1
github.com/gookit/color/style.go:124.47,128.2 2 1
github.com/gookit/color/style.go:131.49,134.2 2 1
github.com/gookit/color/style.go:137.48,141.2 2 1
github.com/gookit/color/style.go:206.41,209.2 2 1
github.com/gookit/color/style.go:212.35,214.2 1 1
github.com/gookit/color/style.go:249.37,251.2 1 1
github.com/gookit/color/style.go:254.34,255.31 1 1
github.com/gookit/color/style.go:255.31,257.3 1 1
github.com/gookit/color/style.go:259.2,259.44 1 1
github.com/gookit/color/style.go:259.44,261.3 1 1
github.com/gookit/color/style.go:264.2,264.14 1 1
github.com/gookit/color/style.go:278.62,280.2 1 1
github.com/gookit/color/style.go:283.44,289.2 1 1
github.com/gookit/color/style.go:292.43,294.2 1 1
github.com/gookit/color/style.go:297.49,299.2 1 1
github.com/gookit/color/style.go:302.35,304.2 1 1
github.com/gookit/color/style.go:307.49,309.2 1 1
github.com/gookit/color/style.go:312.35,314.2 1 1
github.com/gookit/color/style.go:317.50,319.2 1 1
github.com/gookit/color/style.go:322.36,324.2 1 1
github.com/gookit/color/utils.go:11.37,12.32 1 1
github.com/gookit/color/utils.go:12.32,14.3 1 1
github.com/gookit/color/utils.go:16.2,17.12 2 1
github.com/gookit/color/utils.go:21.28,22.32 1 1
github.com/gookit/color/utils.go:22.32,24.3 1 1
github.com/gookit/color/utils.go:26.2,27.12 2 1
github.com/gookit/color/utils.go:35.22,37.2 1 1
github.com/gookit/color/utils.go:40.38,42.2 1 1
github.com/gookit/color/utils.go:45.24,47.2 1 1
github.com/gookit/color/utils.go:52.36,55.2 2 1
github.com/gookit/color/utils.go:59.52,63.2 3 1
github.com/gookit/color/utils.go:67.38,71.2 3 1
github.com/gookit/color/utils.go:75.38,77.2 1 1
github.com/gookit/color/utils.go:85.30,86.17 1 1
github.com/gookit/color/utils.go:86.17,88.3 1 1
github.com/gookit/color/utils.go:89.2,89.37 1 1
github.com/gookit/color/utils.go:93.30,94.17 1 1
github.com/gookit/color/utils.go:94.17,96.3 1 1
github.com/gookit/color/utils.go:97.2,97.37 1 1
github.com/gookit/color/utils.go:101.46,103.2 1 1
github.com/gookit/color/utils.go:106.30,106.54 1 1
github.com/gookit/color/utils.go:109.28,109.52 1 1
github.com/gookit/color/utils.go:125.34,128.2 2 1
github.com/gookit/color/utils.go:131.43,135.2 3 1
github.com/gookit/color/utils.go:138.56,139.30 1 1
github.com/gookit/color/utils.go:139.30,141.3 1 1
github.com/gookit/color/utils.go:141.8,141.20 1 1
github.com/gookit/color/utils.go:141.20,143.3 1 1
github.com/gookit/color/utils.go:143.8,147.3 2 1
github.com/gookit/color/utils.go:148.2,148.8 1 1
github.com/gookit/color/utils.go:160.33,161.15 1 1
github.com/gookit/color/utils.go:161.15,165.3 3 0
github.com/gookit/color/utils.go:169.33,171.2 1 1
github.com/gookit/color/utils.go:174.50,175.8 1 1
github.com/gookit/color/utils.go:175.8,177.3 1 1
github.com/gookit/color/utils.go:178.2,178.13 1 1
github.com/gookit/color/utils.go:182.57,183.8 1 1
github.com/gookit/color/utils.go:183.8,185.3 1 1
github.com/gookit/color/utils.go:186.2,186.13 1 0
github.com/gookit/color/utils.go:189.35,190.16 1 1
github.com/gookit/color/utils.go:190.16,193.3 2 1
github.com/gookit/color/utils.go:196.50,198.15 2 1
github.com/gookit/color/utils.go:198.15,200.3 1 1
github.com/gookit/color/utils.go:202.2,203.25 2 1
github.com/gookit/color/utils.go:203.25,204.46 1 1
github.com/gookit/color/utils.go:204.46,206.4 1 1
github.com/gookit/color/utils.go:208.2,208.8 1 1
